<?xml version="1.0" encoding="UTF-8"?>
<!-- Generated by org.testng.reporters.JUnitReportReporter -->
<testsuite skipped="0" hostname="BHAGYESH-VAIO" name="loginTest.Login_Test" tests="23" failures="0" timestamp="2022-08-12T12:49:40 IST" time="437.542" errors="0">
  <testcase name="login_WishupApp" time="18.084" classname="loginTest.Login_Test"/>
  <system-out>
    <![CDATA[Wishup Login Credentials invalid]]>
  </system-out>
  <testcase name="login_WishupApp" time="19.204" classname="loginTest.Login_Test"/>
  <system-out>
    <![CDATA[Wishup Login Credentials Valid]]>
  </system-out>
  <testcase name="login_WishupApp" time="21.775" classname="loginTest.Login_Test"/>
  <system-out>
    <![CDATA[Wishup Login Credentials Valid]]>
  </system-out>
  <testcase name="login_WishupApp" time="77.435" classname="loginTest.Login_Test"/>
  <system-out>
    <![CDATA[Wishup Login Credentials Valid]]>
  </system-out>
  <testcase name="test_Login_Page_Url" time="15.291" classname="loginTest.Login_Test"/>
  <system-out>
    <![CDATA[test_Login_Page_Url : Pass]]>
  </system-out>
  <testcase name="pageTitle_Validation" time="19.060" classname="loginTest.Login_Test"/>
  <system-out>
    <![CDATA[pageTitle_Validation : Pass]]>
  </system-out>
  <testcase name="test_Signup_Button" time="26.163" classname="loginTest.Login_Test"/>
  <system-out>
    <![CDATA[test_Signup_Button : Pass]]>
  </system-out>
  <testcase name="test_isUserNameFieldDisplayed" time="12.014" classname="loginTest.Login_Test"/>
  <system-out>
    <![CDATA[test_isUserNameFieldDisplayed : Pass]]>
  </system-out>
  <testcase name="test_ispasswordFielDisplayed" time="12.822" classname="loginTest.Login_Test"/>
  <system-out>
    <![CDATA[test_ispasswordFielDisplayed : Pass]]>
  </system-out>
  <testcase name="tes_tisLoginButtonDisplayed" time="14.196" classname="loginTest.Login_Test"/>
  <system-out>
    <![CDATA[tes_tisLoginButtonDisplayed : Pass]]>
  </system-out>
  <testcase name="test_isForgotPassLinkDisplayed" time="13.372" classname="loginTest.Login_Test"/>
  <system-out>
    <![CDATA[test_isForgotPassLinkDisplayed : Pass]]>
  </system-out>
  <testcase name="test_isSingnupButtonDisplayed" time="9.484" classname="loginTest.Login_Test"/>
  <system-out>
    <![CDATA[test_isSingnupButtonDisplayed : Pass]]>
  </system-out>
  <testcase name="test_isSingnupLinkDisplayed" time="14.165" classname="loginTest.Login_Test"/>
  <system-out>
    <![CDATA[test_isSingnupLinkDisplayed : Pass]]>
  </system-out>
  <testcase name="test_isWishupImageLinkDisplayed" time="14.952" classname="loginTest.Login_Test"/>
  <system-out>
    <![CDATA[test_isWishupImageLinkDisplayed : Pass]]>
  </system-out>
  <testcase name="test_isLoginLinkDisplayed" time="10.899" classname="loginTest.Login_Test"/>
  <system-out>
    <![CDATA[test_isLoginLinkDisplayed : Pass]]>
  </system-out>
  <testcase name="test_isSignInwithGoogleLinkDisplayed" time="13.034" classname="loginTest.Login_Test"/>
  <system-out>
    <![CDATA[test_isSignInwithGoogleLinkDisplayed : Pass]]>
  </system-out>
  <testcase name="test_isEmailLabelDisplayed" time="14.185" classname="loginTest.Login_Test"/>
  <system-out>
    <![CDATA[test_isEmailLabelDisplayed : Pass]]>
  </system-out>
  <testcase name="test_isPasswordLabelDisplayed" time="12.549" classname="loginTest.Login_Test"/>
  <system-out>
    <![CDATA[test_isPasswordLabelDisplayed : Pass]]>
  </system-out>
  <testcase name="test_isLoginLabelDisplayed" time="10.446" classname="loginTest.Login_Test"/>
  <system-out>
    <![CDATA[test_isLoginLabelDisplayed : Pass]]>
  </system-out>
  <testcase name="test_SignInWithGoogleLink" time="30.711" classname="loginTest.Login_Test"/>
  <system-out>
    <![CDATA[test_SignInWithGoogleLink : Pass]]>
  </system-out>
  <testcase name="test_ForgotPasswordLink" time="22.349" classname="loginTest.Login_Test"/>
  <system-out>
    <![CDATA[test_ForgotPasswordLink : Pass]]>
  </system-out>
  <testcase name="test_SignUpButton" time="16.701" classname="loginTest.Login_Test"/>
  <system-out>
    <![CDATA[test_SignUpButton : Pass]]>
  </system-out>
  <testcase name="test_SignUpLink" time="18.651" classname="loginTest.Login_Test"/>
  <system-out>
    <![CDATA[test_SignUpLink : Pass]]>
  </system-out>
</testsuite> <!-- loginTest.Login_Test -->
